0 info it worked if it ends with ok
1 verbose cli [ 'node', '/usr/local/bin/npm', 'install', 'supervisor', '-g' ]
2 info using npm@1.2.11
3 info using node@v0.8.21
4 verbose read json /usr/local/lib/package.json
5 verbose read json /usr/local/lib/package.json
6 verbose cache add [ 'supervisor', null ]
7 verbose cache add name=undefined spec="supervisor" args=["supervisor",null]
8 verbose parsed url { pathname: 'supervisor',
8 verbose parsed url   path: 'supervisor',
8 verbose parsed url   href: 'supervisor' }
9 silly lockFile 0f4d09e4-supervisor supervisor
10 verbose lock supervisor /Users/twer/.npm/0f4d09e4-supervisor.lock
11 silly lockFile 0f4d09e4-supervisor supervisor
12 silly lockFile 0f4d09e4-supervisor supervisor
13 verbose addNamed [ 'supervisor', '' ]
14 verbose addNamed [ null, '' ]
15 silly lockFile b28163ae-supervisor supervisor@
16 verbose lock supervisor@ /Users/twer/.npm/b28163ae-supervisor.lock
17 silly addNameRange { name: 'supervisor', range: '', hasData: false }
18 verbose url raw supervisor
19 verbose url resolving [ 'https://registry.npmjs.org/', './supervisor' ]
20 verbose url resolved https://registry.npmjs.org/supervisor
21 info trying registry request attempt 1 at 11:29:25
22 http GET https://registry.npmjs.org/supervisor
23 http 200 https://registry.npmjs.org/supervisor
24 silly registry.get cb [ 200,
24 silly registry.get   { vary: 'Accept',
24 silly registry.get     server: 'CouchDB/1.2.1 (Erlang OTP/R15B03)',
24 silly registry.get     etag: '"D16Z84TL3MVRG7OQK2IQVZXOV"',
24 silly registry.get     date: 'Sat, 30 Mar 2013 03:29:30 GMT',
24 silly registry.get     'content-type': 'application/json',
24 silly registry.get     'content-length': '66936' } ]
25 silly addNameRange number 2 { name: 'supervisor', range: '', hasData: true }
26 silly addNameRange versions [ 'supervisor',
26 silly addNameRange   [ '0.0.4',
26 silly addNameRange     '0.0.5',
26 silly addNameRange     '0.0.6',
26 silly addNameRange     '0.1.0',
26 silly addNameRange     '0.1.1',
26 silly addNameRange     '0.1.2',
26 silly addNameRange     '0.1.3',
26 silly addNameRange     '0.2.0',
26 silly addNameRange     '0.3.0',
26 silly addNameRange     '0.3.1',
26 silly addNameRange     '0.3.2',
26 silly addNameRange     '0.3.3',
26 silly addNameRange     '0.3.4',
26 silly addNameRange     '0.3.5',
26 silly addNameRange     '0.3.6',
26 silly addNameRange     '0.4.0',
26 silly addNameRange     '0.4.1',
26 silly addNameRange     '0.5.0',
26 silly addNameRange     '0.5.1',
26 silly addNameRange     '0.5.2' ] ]
27 verbose addNamed [ 'supervisor', '0.5.2' ]
28 verbose addNamed [ '0.5.2', '0.5.2' ]
29 silly lockFile fef4aa6b-supervisor-0-5-2 supervisor@0.5.2
30 verbose lock supervisor@0.5.2 /Users/twer/.npm/fef4aa6b-supervisor-0-5-2.lock
31 silly lockFile 76c02458--supervisor-supervisor-0-5-2-tgz https://registry.npmjs.org/supervisor/-/supervisor-0.5.2.tgz
32 verbose lock https://registry.npmjs.org/supervisor/-/supervisor-0.5.2.tgz /Users/twer/.npm/76c02458--supervisor-supervisor-0-5-2-tgz.lock
33 verbose addRemoteTarball [ 'https://registry.npmjs.org/supervisor/-/supervisor-0.5.2.tgz',
33 verbose addRemoteTarball   '865d5c7d07273beb0904218b0232a642d82565f5' ]
34 info retry fetch attempt 1 at 11:29:32
35 verbose fetch to= /var/folders/5n/sx5kxtk1577808vx__b2xcpc0000gn/T/npm-1102/1364614172274-0.5331503325141966/tmp.tgz
36 http GET https://registry.npmjs.org/supervisor/-/supervisor-0.5.2.tgz
37 http 200 https://registry.npmjs.org/supervisor/-/supervisor-0.5.2.tgz
38 silly shasum updated bytes 4973
39 info shasum 865d5c7d07273beb0904218b0232a642d82565f5
39 info shasum /var/folders/5n/sx5kxtk1577808vx__b2xcpc0000gn/T/npm-1102/1364614172274-0.5331503325141966/tmp.tgz
40 verbose tar unpack /var/folders/5n/sx5kxtk1577808vx__b2xcpc0000gn/T/npm-1102/1364614172274-0.5331503325141966/tmp.tgz
41 silly lockFile 4e6a9612-72274-0-5331503325141966-package /var/folders/5n/sx5kxtk1577808vx__b2xcpc0000gn/T/npm-1102/1364614172274-0.5331503325141966/package
42 verbose lock /var/folders/5n/sx5kxtk1577808vx__b2xcpc0000gn/T/npm-1102/1364614172274-0.5331503325141966/package /Users/twer/.npm/4e6a9612-72274-0-5331503325141966-package.lock
43 silly lockFile 87721fd8-72274-0-5331503325141966-tmp-tgz /var/folders/5n/sx5kxtk1577808vx__b2xcpc0000gn/T/npm-1102/1364614172274-0.5331503325141966/tmp.tgz
44 verbose lock /var/folders/5n/sx5kxtk1577808vx__b2xcpc0000gn/T/npm-1102/1364614172274-0.5331503325141966/tmp.tgz /Users/twer/.npm/87721fd8-72274-0-5331503325141966-tmp-tgz.lock
45 silly gunzTarPerm modes [ '755', '644' ]
46 silly gunzTarPerm extractEntry package.json
47 silly gunzTarPerm extractEntry README.md
48 silly gunzTarPerm extractEntry lib/cli-wrapper.js
49 silly gunzTarPerm extractEntry lib/supervisor.js
50 verbose read json /var/folders/5n/sx5kxtk1577808vx__b2xcpc0000gn/T/npm-1102/1364614172274-0.5331503325141966/package/package.json
51 silly lockFile 4e6a9612-72274-0-5331503325141966-package /var/folders/5n/sx5kxtk1577808vx__b2xcpc0000gn/T/npm-1102/1364614172274-0.5331503325141966/package
52 silly lockFile 4e6a9612-72274-0-5331503325141966-package /var/folders/5n/sx5kxtk1577808vx__b2xcpc0000gn/T/npm-1102/1364614172274-0.5331503325141966/package
53 silly lockFile 87721fd8-72274-0-5331503325141966-tmp-tgz /var/folders/5n/sx5kxtk1577808vx__b2xcpc0000gn/T/npm-1102/1364614172274-0.5331503325141966/tmp.tgz
54 silly lockFile 87721fd8-72274-0-5331503325141966-tmp-tgz /var/folders/5n/sx5kxtk1577808vx__b2xcpc0000gn/T/npm-1102/1364614172274-0.5331503325141966/tmp.tgz
55 verbose from cache /var/folders/5n/sx5kxtk1577808vx__b2xcpc0000gn/T/npm-1102/1364614172274-0.5331503325141966/package/package.json
56 verbose tar pack [ '/Users/twer/.npm/supervisor/0.5.2/package.tgz',
56 verbose tar pack   '/var/folders/5n/sx5kxtk1577808vx__b2xcpc0000gn/T/npm-1102/1364614172274-0.5331503325141966/package' ]
57 verbose tarball /Users/twer/.npm/supervisor/0.5.2/package.tgz
58 verbose folder /var/folders/5n/sx5kxtk1577808vx__b2xcpc0000gn/T/npm-1102/1364614172274-0.5331503325141966/package
59 silly lockFile 4e6a9612-72274-0-5331503325141966-package /var/folders/5n/sx5kxtk1577808vx__b2xcpc0000gn/T/npm-1102/1364614172274-0.5331503325141966/package
60 verbose lock /var/folders/5n/sx5kxtk1577808vx__b2xcpc0000gn/T/npm-1102/1364614172274-0.5331503325141966/package /Users/twer/.npm/4e6a9612-72274-0-5331503325141966-package.lock
61 silly lockFile 7aed6ccf-npm-supervisor-0-5-2-package-tgz /Users/twer/.npm/supervisor/0.5.2/package.tgz
62 verbose lock /Users/twer/.npm/supervisor/0.5.2/package.tgz /Users/twer/.npm/7aed6ccf-npm-supervisor-0-5-2-package-tgz.lock
63 silly lockFile 4e6a9612-72274-0-5331503325141966-package /var/folders/5n/sx5kxtk1577808vx__b2xcpc0000gn/T/npm-1102/1364614172274-0.5331503325141966/package
64 silly lockFile 4e6a9612-72274-0-5331503325141966-package /var/folders/5n/sx5kxtk1577808vx__b2xcpc0000gn/T/npm-1102/1364614172274-0.5331503325141966/package
65 silly lockFile 7aed6ccf-npm-supervisor-0-5-2-package-tgz /Users/twer/.npm/supervisor/0.5.2/package.tgz
66 silly lockFile 7aed6ccf-npm-supervisor-0-5-2-package-tgz /Users/twer/.npm/supervisor/0.5.2/package.tgz
67 silly lockFile 8f5455fd-wer-npm-supervisor-0-5-2-package /Users/twer/.npm/supervisor/0.5.2/package
68 verbose lock /Users/twer/.npm/supervisor/0.5.2/package /Users/twer/.npm/8f5455fd-wer-npm-supervisor-0-5-2-package.lock
69 silly lockFile 8f5455fd-wer-npm-supervisor-0-5-2-package /Users/twer/.npm/supervisor/0.5.2/package
70 silly lockFile 8f5455fd-wer-npm-supervisor-0-5-2-package /Users/twer/.npm/supervisor/0.5.2/package
71 verbose tar unpack /Users/twer/.npm/supervisor/0.5.2/package.tgz
72 silly lockFile 8f5455fd-wer-npm-supervisor-0-5-2-package /Users/twer/.npm/supervisor/0.5.2/package
73 verbose lock /Users/twer/.npm/supervisor/0.5.2/package /Users/twer/.npm/8f5455fd-wer-npm-supervisor-0-5-2-package.lock
74 silly lockFile 7aed6ccf-npm-supervisor-0-5-2-package-tgz /Users/twer/.npm/supervisor/0.5.2/package.tgz
75 verbose lock /Users/twer/.npm/supervisor/0.5.2/package.tgz /Users/twer/.npm/7aed6ccf-npm-supervisor-0-5-2-package-tgz.lock
76 silly gunzTarPerm modes [ '755', '644' ]
77 silly gunzTarPerm extractEntry package.json
78 silly gunzTarPerm extractEntry README.md
79 silly gunzTarPerm extractEntry lib/cli-wrapper.js
80 silly gunzTarPerm extractEntry lib/supervisor.js
81 verbose read json /Users/twer/.npm/supervisor/0.5.2/package/package.json
82 silly lockFile 8f5455fd-wer-npm-supervisor-0-5-2-package /Users/twer/.npm/supervisor/0.5.2/package
83 silly lockFile 8f5455fd-wer-npm-supervisor-0-5-2-package /Users/twer/.npm/supervisor/0.5.2/package
84 silly lockFile 7aed6ccf-npm-supervisor-0-5-2-package-tgz /Users/twer/.npm/supervisor/0.5.2/package.tgz
85 silly lockFile 7aed6ccf-npm-supervisor-0-5-2-package-tgz /Users/twer/.npm/supervisor/0.5.2/package.tgz
86 silly shasum updated bytes 4976
87 info shasum d4338c3aa7cda7b665bd95c2f8199e8079e6f1a2
87 info shasum /Users/twer/.npm/supervisor/0.5.2/package.tgz
88 verbose from cache /Users/twer/.npm/supervisor/0.5.2/package/package.json
89 verbose chmod /Users/twer/.npm/supervisor/0.5.2/package.tgz 644
90 verbose chown /Users/twer/.npm/supervisor/0.5.2/package.tgz [ 501, 20 ]
91 silly lockFile 76c02458--supervisor-supervisor-0-5-2-tgz https://registry.npmjs.org/supervisor/-/supervisor-0.5.2.tgz
92 silly lockFile 76c02458--supervisor-supervisor-0-5-2-tgz https://registry.npmjs.org/supervisor/-/supervisor-0.5.2.tgz
93 silly lockFile fef4aa6b-supervisor-0-5-2 supervisor@0.5.2
94 silly lockFile fef4aa6b-supervisor-0-5-2 supervisor@0.5.2
95 silly lockFile b28163ae-supervisor supervisor@
96 silly lockFile b28163ae-supervisor supervisor@
97 silly resolved [ { name: 'supervisor',
97 silly resolved     version: '0.5.2',
97 silly resolved     description: 'A supervisor program for running nodejs programs',
97 silly resolved     author: { name: 'Isaac Z. Schlueter', email: 'i@izs.me' },
97 silly resolved     contributors:
97 silly resolved      [ [Object],
97 silly resolved        [Object],
97 silly resolved        [Object],
97 silly resolved        [Object],
97 silly resolved        [Object],
97 silly resolved        [Object],
97 silly resolved        [Object],
97 silly resolved        [Object],
97 silly resolved        [Object],
97 silly resolved        [Object],
97 silly resolved        [Object],
97 silly resolved        [Object],
97 silly resolved        [Object],
97 silly resolved        [Object],
97 silly resolved        [Object],
97 silly resolved        [Object],
97 silly resolved        [Object],
97 silly resolved        [Object],
97 silly resolved        [Object] ],
97 silly resolved     repository:
97 silly resolved      { type: 'git',
97 silly resolved        url: 'git://github.com/isaacs/node-supervisor.git' },
97 silly resolved     bugs: 'https://github.com/isaacs/node-supervisor/issues',
97 silly resolved     homepage: 'https://github.com/isaacs/node-supervisor/',
97 silly resolved     main: 'lib/supervisor.js',
97 silly resolved     bin:
97 silly resolved      { 'node-supervisor': 'lib/cli-wrapper.js',
97 silly resolved        supervisor: 'lib/cli-wrapper.js' },
97 silly resolved     engines: { node: '>=0.3.7' },
97 silly resolved     preferGlobal: true,
97 silly resolved     readme: '# node-supervisor\n\nA little supervisor script for nodejs. It runs your program, and\nwatches for code changes, so you can have hot-code reloading-ish\nbehavior, without worrying about memory leaks and making sure you\nclean up all the inter-module references, and without a whole new\n`require` system.\n\n## node-supervisor -?\n\n\n    Node Supervisor is used to restart programs when they crash.\n    It can also be used to restart programs when a *.js file changes.\n\n    Usage:\n      supervisor [options] <program>\n      supervisor [options] -- <program> [args ...]\n\n    Required:\n      <program>\n        The program to run.\n\n    Options:\n      -w|--watch <watchItems>\n        A comma-delimited list of folders or js files to watch for changes.\n        When a change to a js file occurs, reload the program\n        Default is \'.\'\n\n      -i|--ignore <ignoreItems>\n        A comma-delimited list of folders to ignore for changes.\n        No default\n\n      -p|--poll-interval <milliseconds>\n        How often to poll watched files for changes.\n        Defaults to Node default.\n\n      -e|--extensions <extensions>\n        Specific file extensions to watch in addition to defaults.\n        Used when --watch option includes folders\n        Default is \'node|js\'\n\n      -x|--exec <executable>\n        The executable that runs the specified program.\n        Default is \'node\'\n\n      --debug\n        Start node with --debug flag.\n\n      --debug-brk\n        Start node with --debug-brk flag.\n\n      -n|--no-restart-on error|exit\n        Don\'t automatically restart the supervised program if it ends.\n        Supervisor will wait for a change in the source files.\n        If "error", an exit code of 0 will still restart.\n        If "exit", no restart regardless of exit code.\n\n      -h|--help|-?\n        Display these usage instructions.\n\n      -q|--quiet\n        Suppress DEBUG messages\n\n    Examples:\n      supervisor myapp.js\n      supervisor myapp.coffee\n      supervisor -w scripts -e myext -x myrunner myapp\n      supervisor -w lib,server.js,config.js server.js\n      supervisor -- server.js -h host -p port\n\n\n## Simple Install\n\nInstall npm, and then do this:\n\n    npm install supervisor -g\n\nYou don\'t even need to download or fork this repo at all.\n\n## Fancy Install\n\nGet this code, install npm, and then do this:\n\n    npm link\n\n## todo\n\n1. Re-attach to a process by pid. If the supervisor is\nbackgrounded, and then disowned, the child will keep running. At\nthat point, the supervisor may be killed, but the child will keep\non running. It\'d be nice to have two supervisors that kept each\nother up, and could also perhaps run a child program.\n2. Run more types of programs than just "node blargh.js".\n3. Be able to run more than one program, so that you can have two\nsupervisors supervise each other, and then also keep some child\nserver up.\n4. When watching, it\'d be good to perhaps bring up a new child\nand then kill the old one gently, rather than just crashing the\nchild abruptly.\n5. Keep the pid in a safe place, so another supervisor can pull\nit out if told to supervise the same program.\n6. It\'d be pretty cool if this program could be run just like\ndoing `node blah.js`, but could somehow "know" which files had\nbeen loaded, and restart whenever a touched file changes.\n',
97 silly resolved     readmeFilename: 'README.md',
97 silly resolved     _id: 'supervisor@0.5.2',
97 silly resolved     dist: { shasum: 'd4338c3aa7cda7b665bd95c2f8199e8079e6f1a2' },
97 silly resolved     _from: 'supervisor@',
97 silly resolved     _resolved: 'https://registry.npmjs.org/supervisor/-/supervisor-0.5.2.tgz' } ]
98 info install supervisor@0.5.2 into /usr/local/lib
99 info installOne supervisor@0.5.2
100 verbose from cache /Users/twer/.npm/supervisor/0.5.2/package/package.json
101 info /usr/local/lib/node_modules/supervisor unbuild
102 verbose read json /usr/local/lib/node_modules/supervisor/package.json
103 verbose tar unpack /Users/twer/.npm/supervisor/0.5.2/package.tgz
104 silly lockFile 1d502911-ocal-lib-node-modules-supervisor /usr/local/lib/node_modules/supervisor
105 verbose lock /usr/local/lib/node_modules/supervisor /Users/twer/.npm/1d502911-ocal-lib-node-modules-supervisor.lock
106 silly lockFile 7aed6ccf-npm-supervisor-0-5-2-package-tgz /Users/twer/.npm/supervisor/0.5.2/package.tgz
107 verbose lock /Users/twer/.npm/supervisor/0.5.2/package.tgz /Users/twer/.npm/7aed6ccf-npm-supervisor-0-5-2-package-tgz.lock
108 silly gunzTarPerm modes [ '755', '644' ]
109 error Error: EACCES, mkdir '/usr/local/lib/node_modules/supervisor'
109 error  { [Error: EACCES, mkdir '/usr/local/lib/node_modules/supervisor']
109 error   errno: 3,
109 error   code: 'EACCES',
109 error   path: '/usr/local/lib/node_modules/supervisor',
109 error   fstream_type: 'Directory',
109 error   fstream_path: '/usr/local/lib/node_modules/supervisor',
109 error   fstream_class: 'DirWriter',
109 error   fstream_stack:
109 error    [ 'DirWriter._create (/usr/local/lib/node_modules/npm/node_modules/fstream/lib/dir-writer.js:36:23)',
109 error      '/usr/local/lib/node_modules/npm/node_modules/mkdirp/index.js:37:53',
109 error      'Object.oncomplete (fs.js:297:15)' ] }
110 error Please try running this command again as root/Administrator.
111 error System Darwin 11.4.2
112 error command "node" "/usr/local/bin/npm" "install" "supervisor" "-g"
113 error cwd /Users/twer/project/opensource/Angularjs-node-demo/build
114 error node -v v0.8.21
115 error npm -v 1.2.11
116 error path /usr/local/lib/node_modules/supervisor
117 error fstream_path /usr/local/lib/node_modules/supervisor
118 error fstream_type Directory
119 error fstream_class DirWriter
120 error code EACCES
121 error errno 3
122 error stack Error: EACCES, mkdir '/usr/local/lib/node_modules/supervisor'
123 error fstream_stack DirWriter._create (/usr/local/lib/node_modules/npm/node_modules/fstream/lib/dir-writer.js:36:23)
123 error fstream_stack /usr/local/lib/node_modules/npm/node_modules/mkdirp/index.js:37:53
123 error fstream_stack Object.oncomplete (fs.js:297:15)
124 verbose exit [ 3, true ]
